Analysis & Synthesis report for ALU
Mon Oct 23 20:29:43 2023
Quartus II Version 9.1 Build 350 03/24/2010 Service Pack 2 SJ Web Edition


---------------------
; Table of Contents ;
---------------------
  1. Legal Notice
  2. Analysis & Synthesis Summary
  3. Analysis & Synthesis Settings
  4. Parallel Compilation
  5. Analysis & Synthesis Source Files Read
  6. Analysis & Synthesis Resource Usage Summary
  7. Analysis & Synthesis Resource Utilization by Entity
  8. General Register Statistics
  9. Parameter Settings for User Entity Instance: Top-level Entity: |ALU
 10. Parameter Settings for User Entity Instance: crtgenerator:gen
 11. Parameter Settings for User Entity Instance: xor32:x
 12. Parameter Settings for User Entity Instance: adder32:adder
 13. Parameter Settings for User Entity Instance: or32:or_gate
 14. Parameter Settings for User Entity Instance: mux3to1_32bit:mux3
 15. Port Connectivity Checks: "mux3to1_32bit:mux3"
 16. Port Connectivity Checks: "adder32:adder"
 17. Port Connectivity Checks: "crtgenerator:gen"
 18. Analysis & Synthesis Messages



----------------
; Legal Notice ;
----------------
Copyright (C) 1991-2010 Altera Corporation
Your use of Altera Corporation's design tools, logic functions 
and other software and tools, and its AMPP partner logic 
functions, and any output files from any of the foregoing 
(including device programming or simulation files), and any 
associated documentation or information are expressly subject 
to the terms and conditions of the Altera Program License 
Subscription Agreement, Altera MegaCore Function License 
Agreement, or other applicable license agreement, including, 
without limitation, that your use is for the sole purpose of 
programming logic devices manufactured by Altera and sold by 
Altera or its authorized distributors.  Please refer to the 
applicable agreement for further details.



+-----------------------------------------------------------------------------------+
; Analysis & Synthesis Summary                                                      ;
+------------------------------------+----------------------------------------------+
; Analysis & Synthesis Status        ; Successful - Mon Oct 23 20:29:43 2023        ;
; Quartus II Version                 ; 9.1 Build 350 03/24/2010 SP 2 SJ Web Edition ;
; Revision Name                      ; ALU                                          ;
; Top-level Entity Name              ; ALU                                          ;
; Family                             ; Cyclone II                                   ;
; Total logic elements               ; 114                                          ;
;     Total combinational functions  ; 114                                          ;
;     Dedicated logic registers      ; 0                                            ;
; Total registers                    ; 0                                            ;
; Total pins                         ; 101                                          ;
; Total virtual pins                 ; 0                                            ;
; Total memory bits                  ; 0                                            ;
; Embedded Multiplier 9-bit elements ; 0                                            ;
; Total PLLs                         ; 0                                            ;
+------------------------------------+----------------------------------------------+


+----------------------------------------------------------------------------------------------------------------------+
; Analysis & Synthesis Settings                                                                                        ;
+----------------------------------------------------------------------------+--------------------+--------------------+
; Option                                                                     ; Setting            ; Default Value      ;
+----------------------------------------------------------------------------+--------------------+--------------------+
; Device                                                                     ; EP2C70F896C6       ;                    ;
; Top-level entity name                                                      ; ALU                ; ALU                ;
; Family name                                                                ; Cyclone II         ; Stratix II         ;
; Use Generated Physical Constraints File                                    ; Off                ;                    ;
; Use smart compilation                                                      ; Off                ; Off                ;
; Enable parallel Assembler and TimeQuest Timing Analyzer during compilation ; On                 ; On                 ;
; Enable compact report table                                                ; Off                ; Off                ;
; Restructure Multiplexers                                                   ; Auto               ; Auto               ;
; Create Debugging Nodes for IP Cores                                        ; Off                ; Off                ;
; Preserve fewer node names                                                  ; On                 ; On                 ;
; Disable OpenCore Plus hardware evaluation                                  ; Off                ; Off                ;
; Verilog Version                                                            ; Verilog_2001       ; Verilog_2001       ;
; VHDL Version                                                               ; VHDL_1993          ; VHDL_1993          ;
; State Machine Processing                                                   ; Auto               ; Auto               ;
; Safe State Machine                                                         ; Off                ; Off                ;
; Extract Verilog State Machines                                             ; On                 ; On                 ;
; Extract VHDL State Machines                                                ; On                 ; On                 ;
; Ignore Verilog initial constructs                                          ; Off                ; Off                ;
; Iteration limit for constant Verilog loops                                 ; 5000               ; 5000               ;
; Iteration limit for non-constant Verilog loops                             ; 250                ; 250                ;
; Add Pass-Through Logic to Inferred RAMs                                    ; On                 ; On                 ;
; Parallel Synthesis                                                         ; On                 ; On                 ;
; DSP Block Balancing                                                        ; Auto               ; Auto               ;
; NOT Gate Push-Back                                                         ; On                 ; On                 ;
; Power-Up Don't Care                                                        ; On                 ; On                 ;
; Remove Redundant Logic Cells                                               ; Off                ; Off                ;
; Remove Duplicate Registers                                                 ; On                 ; On                 ;
; Ignore CARRY Buffers                                                       ; Off                ; Off                ;
; Ignore CASCADE Buffers                                                     ; Off                ; Off                ;
; Ignore GLOBAL Buffers                                                      ; Off                ; Off                ;
; Ignore ROW GLOBAL Buffers                                                  ; Off                ; Off                ;
; Ignore LCELL Buffers                                                       ; Off                ; Off                ;
; Ignore SOFT Buffers                                                        ; On                 ; On                 ;
; Limit AHDL Integers to 32 Bits                                             ; Off                ; Off                ;
; Optimization Technique                                                     ; Balanced           ; Balanced           ;
; Carry Chain Length                                                         ; 70                 ; 70                 ;
; Auto Carry Chains                                                          ; On                 ; On                 ;
; Auto Open-Drain Pins                                                       ; On                 ; On                 ;
; Perform WYSIWYG Primitive Resynthesis                                      ; Off                ; Off                ;
; Auto ROM Replacement                                                       ; On                 ; On                 ;
; Auto RAM Replacement                                                       ; On                 ; On                 ;
; Auto Shift Register Replacement                                            ; Auto               ; Auto               ;
; Auto Clock Enable Replacement                                              ; On                 ; On                 ;
; Strict RAM Replacement                                                     ; Off                ; Off                ;
; Allow Synchronous Control Signals                                          ; On                 ; On                 ;
; Force Use of Synchronous Clear Signals                                     ; Off                ; Off                ;
; Auto RAM to Logic Cell Conversion                                          ; Off                ; Off                ;
; Auto Resource Sharing                                                      ; Off                ; Off                ;
; Allow Any RAM Size For Recognition                                         ; Off                ; Off                ;
; Allow Any ROM Size For Recognition                                         ; Off                ; Off                ;
; Allow Any Shift Register Size For Recognition                              ; Off                ; Off                ;
; Use LogicLock Constraints during Resource Balancing                        ; On                 ; On                 ;
; Ignore translate_off and synthesis_off directives                          ; Off                ; Off                ;
; Timing-Driven Synthesis                                                    ; Off                ; Off                ;
; Show Parameter Settings Tables in Synthesis Report                         ; On                 ; On                 ;
; Ignore Maximum Fan-Out Assignments                                         ; Off                ; Off                ;
; Synchronization Register Chain Length                                      ; 2                  ; 2                  ;
; PowerPlay Power Optimization                                               ; Normal compilation ; Normal compilation ;
; HDL message level                                                          ; Level2             ; Level2             ;
; Suppress Register Optimization Related Messages                            ; Off                ; Off                ;
; Number of Removed Registers Reported in Synthesis Report                   ; 5000               ; 5000               ;
; Number of Inverted Registers Reported in Synthesis Report                  ; 100                ; 100                ;
; Clock MUX Protection                                                       ; On                 ; On                 ;
; Auto Gated Clock Conversion                                                ; Off                ; Off                ;
; Block Design Naming                                                        ; Auto               ; Auto               ;
; SDC constraint protection                                                  ; Off                ; Off                ;
; Synthesis Effort                                                           ; Auto               ; Auto               ;
; Shift Register Replacement - Allow Asynchronous Clear Signal               ; On                 ; On                 ;
; Analysis & Synthesis Message Level                                         ; Medium             ; Medium             ;
; Disable Register Merging Across Hierarchies                                ; Auto               ; Auto               ;
; Resource Aware Inference For Block RAM                                     ; On                 ; On                 ;
+----------------------------------------------------------------------------+--------------------+--------------------+


Parallel compilation was disabled, but you have multiple processors available. Enable parallel compilation to reduce compilation time.
+-------------------------------------+
; Parallel Compilation                ;
+----------------------------+--------+
; Processors                 ; Number ;
+----------------------------+--------+
; Number detected on machine ; 6      ;
; Maximum allowed            ; 1      ;
+----------------------------+--------+


+------------------------------------------------------------------------------------------------------------------------------------------------------------------+
; Analysis & Synthesis Source Files Read                                                                                                                           ;
+----------------------------------+-----------------+------------------------+------------------------------------------------------------------------------------+
; File Name with User-Entered Path ; Used in Netlist ; File Type              ; File Name with Absolute Path                                                       ;
+----------------------------------+-----------------+------------------------+------------------------------------------------------------------------------------+
; src/ALU.v                        ; yes             ; User Verilog HDL File  ; C:/Users/袁睿/Desktop/计组/Computer_Organization_lab/ALU/src/ALU.v                 ;
; src/adder32.v                    ; yes             ; User Verilog HDL File  ; C:/Users/袁睿/Desktop/计组/Computer_Organization_lab/ALU/src/adder32.v             ;
; src/crtgenerator.v               ; yes             ; User Verilog HDL File  ; C:/Users/袁睿/Desktop/计组/Computer_Organization_lab/ALU/src/crtgenerator.v        ;
; src/extend32.v                   ; yes             ; User Verilog HDL File  ; C:/Users/袁睿/Desktop/计组/Computer_Organization_lab/ALU/src/extend32.v            ;
; src/or32.v                       ; yes             ; User Verilog HDL File  ; C:/Users/袁睿/Desktop/计组/Computer_Organization_lab/ALU/src/or32.v                ;
; src/mux3to1_32bit.v              ; yes             ; User Verilog HDL File  ; C:/Users/袁睿/Desktop/计组/Computer_Organization_lab/ALU/src/mux3to1_32bit.v       ;
; src/mux2to1_1bit.v               ; yes             ; User Verilog HDL File  ; C:/Users/袁睿/Desktop/计组/Computer_Organization_lab/ALU/src/mux2to1_1bit.v        ;
; src/mux2to1_32bit_01mux.v        ; yes             ; User Verilog HDL File  ; C:/Users/袁睿/Desktop/计组/Computer_Organization_lab/ALU/src/mux2to1_32bit_01mux.v ;
; src/xor32.v                      ; yes             ; User Verilog HDL File  ; C:/Users/袁睿/Desktop/计组/Computer_Organization_lab/ALU/src/xor32.v               ;
+----------------------------------+-----------------+------------------------+------------------------------------------------------------------------------------+


+---------------------------------------------------------+
; Analysis & Synthesis Resource Usage Summary             ;
+---------------------------------------------+-----------+
; Resource                                    ; Usage     ;
+---------------------------------------------+-----------+
; Estimated Total logic elements              ; 114       ;
;                                             ;           ;
; Total combinational functions               ; 114       ;
; Logic element usage by number of LUT inputs ;           ;
;     -- 4 input functions                    ; 45        ;
;     -- 3 input functions                    ; 33        ;
;     -- <=2 input functions                  ; 36        ;
;                                             ;           ;
; Logic elements by mode                      ;           ;
;     -- normal mode                          ; 81        ;
;     -- arithmetic mode                      ; 33        ;
;                                             ;           ;
; Total registers                             ; 0         ;
;     -- Dedicated logic registers            ; 0         ;
;     -- I/O registers                        ; 0         ;
;                                             ;           ;
; I/O pins                                    ; 101       ;
; Maximum fan-out node                        ; ALUctr[2] ;
; Maximum fan-out                             ; 36        ;
; Total fan-out                               ; 383       ;
; Average fan-out                             ; 1.78      ;
+---------------------------------------------+-----------+


+---------------------------------------------------------------------------------------------------------------------------------------------------------------------------------+
; Analysis & Synthesis Resource Utilization by Entity                                                                                                                             ;
+----------------------------+-------------------+--------------+-------------+--------------+---------+-----------+------+--------------+-------------------------+--------------+
; Compilation Hierarchy Node ; LC Combinationals ; LC Registers ; Memory Bits ; DSP Elements ; DSP 9x9 ; DSP 18x18 ; Pins ; Virtual Pins ; Full Hierarchy Name     ; Library Name ;
+----------------------------+-------------------+--------------+-------------+--------------+---------+-----------+------+--------------+-------------------------+--------------+
; |ALU                       ; 114 (1)           ; 0 (0)        ; 0           ; 0            ; 0       ; 0         ; 101  ; 0            ; |ALU                    ; work         ;
;    |adder32:adder|         ; 45 (45)           ; 0 (0)        ; 0           ; 0            ; 0       ; 0         ; 0    ; 0            ; |ALU|adder32:adder      ; work         ;
;    |crtgenerator:gen|      ; 2 (2)             ; 0 (0)        ; 0           ; 0            ; 0       ; 0         ; 0    ; 0            ; |ALU|crtgenerator:gen   ;              ;
;    |mux3to1_32bit:mux3|    ; 34 (34)           ; 0 (0)        ; 0           ; 0            ; 0       ; 0         ; 0    ; 0            ; |ALU|mux3to1_32bit:mux3 ; work         ;
;    |xor32:x|               ; 32 (32)           ; 0 (0)        ; 0           ; 0            ; 0       ; 0         ; 0    ; 0            ; |ALU|xor32:x            ; work         ;
+----------------------------+-------------------+--------------+-------------+--------------+---------+-----------+------+--------------+-------------------------+--------------+
Note: For table entries with two numbers listed, the numbers in parentheses indicate the number of resources of the given type used by the specific entity alone. The numbers listed outside of parentheses indicate the total resources of the given type used by the specific entity and all of its sub-entities in the hierarchy.


+------------------------------------------------------+
; General Register Statistics                          ;
+----------------------------------------------+-------+
; Statistic                                    ; Value ;
+----------------------------------------------+-------+
; Total registers                              ; 0     ;
; Number of registers using Synchronous Clear  ; 0     ;
; Number of registers using Synchronous Load   ; 0     ;
; Number of registers using Asynchronous Clear ; 0     ;
; Number of registers using Asynchronous Load  ; 0     ;
; Number of registers using Clock Enable       ; 0     ;
; Number of registers using Preset             ; 0     ;
+----------------------------------------------+-------+


+---------------------------------------------------------------------+
; Parameter Settings for User Entity Instance: Top-level Entity: |ALU ;
+----------------+-------+--------------------------------------------+
; Parameter Name ; Value ; Type                                       ;
+----------------+-------+--------------------------------------------+
; n              ; 32    ; Signed Integer                             ;
+----------------+-------+--------------------------------------------+
Note: In order to hide this table in the UI and the text report file, please set the "Show Parameter Settings Tables in Synthesis Report" option in "Analysis and Synthesis Settings -> More Settings" to "Off".


+---------------------------------------------------------------+
; Parameter Settings for User Entity Instance: crtgenerator:gen ;
+----------------+-------+--------------------------------------+
; Parameter Name ; Value ; Type                                 ;
+----------------+-------+--------------------------------------+
; n              ; 3     ; Signed Integer                       ;
+----------------+-------+--------------------------------------+
Note: In order to hide this table in the UI and the text report file, please set the "Show Parameter Settings Tables in Synthesis Report" option in "Analysis and Synthesis Settings -> More Settings" to "Off".


+------------------------------------------------------+
; Parameter Settings for User Entity Instance: xor32:x ;
+----------------+-------+-----------------------------+
; Parameter Name ; Value ; Type                        ;
+----------------+-------+-----------------------------+
; n              ; 32    ; Signed Integer              ;
+----------------+-------+-----------------------------+
Note: In order to hide this table in the UI and the text report file, please set the "Show Parameter Settings Tables in Synthesis Report" option in "Analysis and Synthesis Settings -> More Settings" to "Off".


+------------------------------------------------------------+
; Parameter Settings for User Entity Instance: adder32:adder ;
+----------------+-------+-----------------------------------+
; Parameter Name ; Value ; Type                              ;
+----------------+-------+-----------------------------------+
; n              ; 32    ; Signed Integer                    ;
+----------------+-------+-----------------------------------+
Note: In order to hide this table in the UI and the text report file, please set the "Show Parameter Settings Tables in Synthesis Report" option in "Analysis and Synthesis Settings -> More Settings" to "Off".


+-----------------------------------------------------------+
; Parameter Settings for User Entity Instance: or32:or_gate ;
+----------------+-------+----------------------------------+
; Parameter Name ; Value ; Type                             ;
+----------------+-------+----------------------------------+
; n              ; 32    ; Signed Integer                   ;
+----------------+-------+----------------------------------+
Note: In order to hide this table in the UI and the text report file, please set the "Show Parameter Settings Tables in Synthesis Report" option in "Analysis and Synthesis Settings -> More Settings" to "Off".


+-----------------------------------------------------------------+
; Parameter Settings for User Entity Instance: mux3to1_32bit:mux3 ;
+----------------+-------+----------------------------------------+
; Parameter Name ; Value ; Type                                   ;
+----------------+-------+----------------------------------------+
; n              ; 32    ; Signed Integer                         ;
+----------------+-------+----------------------------------------+
Note: In order to hide this table in the UI and the text report file, please set the "Show Parameter Settings Tables in Synthesis Report" option in "Analysis and Synthesis Settings -> More Settings" to "Off".


+--------------------------------------------------------------------------------------------------------------------------------------------------------------------------------+
; Port Connectivity Checks: "mux3to1_32bit:mux3"                                                                                                                                 ;
+---------+-------+----------+---------------------------------------------------------------------------------------------------------------------------------------------------+
; Port    ; Type  ; Severity ; Details                                                                                                                                           ;
+---------+-------+----------+---------------------------------------------------------------------------------------------------------------------------------------------------+
; choice1 ; Input ; Warning  ; Input port expression (1 bits) is smaller than the input port (32 bits) it drives.  Extra input bit(s) "choice1[31..1]" will be connected to GND. ;
+---------+-------+----------+---------------------------------------------------------------------------------------------------------------------------------------------------+


+------------------------------------------------------------------------------------------------------------------------------------------------------------------+
; Port Connectivity Checks: "adder32:adder"                                                                                                                        ;
+------------+--------+----------+---------------------------------------------------------------------------------------------------------------------------------+
; Port       ; Type   ; Severity ; Details                                                                                                                         ;
+------------+--------+----------+---------------------------------------------------------------------------------------------------------------------------------+
; Add_Result ; Output ; Warning  ; Output or bidir port (32 bits) is wider than the port expression (1 bits) it drives; bit(s) "Add_Result[31..1]" have no fanouts ;
+------------+--------+----------+---------------------------------------------------------------------------------------------------------------------------------+


+------------------------------------------------------------------------------------------------------------------------------------------------------+
; Port Connectivity Checks: "crtgenerator:gen"                                                                                                         ;
+-------+--------+----------+--------------------------------------------------------------------------------------------------------------------------+
; Port  ; Type   ; Severity ; Details                                                                                                                  ;
+-------+--------+----------+--------------------------------------------------------------------------------------------------------------------------+
; OPctr ; Output ; Warning  ; Output or bidir port (3 bits) is wider than the port expression (2 bits) it drives; bit(s) "OPctr[2..2]" have no fanouts ;
+-------+--------+----------+--------------------------------------------------------------------------------------------------------------------------+


+-------------------------------+
; Analysis & Synthesis Messages ;
+-------------------------------+
Info: *******************************************************************
Info: Running Quartus II Analysis & Synthesis
    Info: Version 9.1 Build 350 03/24/2010 Service Pack 2 SJ Web Edition
    Info: Processing started: Mon Oct 23 20:29:42 2023
Info: Command: quartus_map --read_settings_files=on --write_settings_files=off ALU -c ALU
Info: Found 1 design units, including 1 entities, in source file src/alu.v
    Info: Found entity 1: ALU
Info: Found 1 design units, including 1 entities, in source file src/adder32.v
    Info: Found entity 1: adder32
Info: Found 1 design units, including 1 entities, in source file src/crtgenerator.v
    Info: Found entity 1: crtgenerator
Info: Found 1 design units, including 1 entities, in source file src/extend32.v
    Info: Found entity 1: extend32
Warning: Can't analyze file -- file src/xor32'.v is missing
Info: Found 1 design units, including 1 entities, in source file src/or32.v
    Info: Found entity 1: or32
Info: Found 1 design units, including 1 entities, in source file src/mux3to1_32bit.v
    Info: Found entity 1: mux3to1_32bit
Info: Found 1 design units, including 1 entities, in source file src/mux2to1_1bit.v
    Info: Found entity 1: mux2to1_1bit
Info: Found 1 design units, including 1 entities, in source file src/mux2to1_32bit_01mux.v
    Info: Found entity 1: mux2to1_32bit_01mux
Info: Found 1 design units, including 1 entities, in source file src/xor32.v
    Info: Found entity 1: xor32
Info: Elaborating entity "ALU" for the top level hierarchy
Info: Elaborating entity "crtgenerator" for hierarchy "crtgenerator:gen"
Warning (10034): Output port "OPctr[2]" at crtgenerator.v(5) has no driver
Info: Elaborating entity "extend32" for hierarchy "extend32:extend"
Info: Elaborating entity "xor32" for hierarchy "xor32:x"
Info: Elaborating entity "adder32" for hierarchy "adder32:adder"
Info: Elaborating entity "mux2to1_1bit" for hierarchy "mux2to1_1bit:mux1"
Info: Elaborating entity "mux2to1_32bit_01mux" for hierarchy "mux2to1_32bit_01mux:mux2"
Info: Elaborating entity "or32" for hierarchy "or32:or_gate"
Info: Elaborating entity "mux3to1_32bit" for hierarchy "mux3to1_32bit:mux3"
Warning (10270): Verilog HDL Case Statement warning at mux3to1_32bit.v(10): incomplete case statement has no default case item
Warning (10240): Verilog HDL Always Construct warning at mux3to1_32bit.v(10): inferring latch(es) for variable "out", which holds its previous value in one or more paths through the always construct
Info (10041): Inferred latch for "out[0]" at mux3to1_32bit.v(10)
Info (10041): Inferred latch for "out[1]" at mux3to1_32bit.v(10)
Info (10041): Inferred latch for "out[2]" at mux3to1_32bit.v(10)
Info (10041): Inferred latch for "out[3]" at mux3to1_32bit.v(10)
Info (10041): Inferred latch for "out[4]" at mux3to1_32bit.v(10)
Info (10041): Inferred latch for "out[5]" at mux3to1_32bit.v(10)
Info (10041): Inferred latch for "out[6]" at mux3to1_32bit.v(10)
Info (10041): Inferred latch for "out[7]" at mux3to1_32bit.v(10)
Info (10041): Inferred latch for "out[8]" at mux3to1_32bit.v(10)
Info (10041): Inferred latch for "out[9]" at mux3to1_32bit.v(10)
Info (10041): Inferred latch for "out[10]" at mux3to1_32bit.v(10)
Info (10041): Inferred latch for "out[11]" at mux3to1_32bit.v(10)
Info (10041): Inferred latch for "out[12]" at mux3to1_32bit.v(10)
Info (10041): Inferred latch for "out[13]" at mux3to1_32bit.v(10)
Info (10041): Inferred latch for "out[14]" at mux3to1_32bit.v(10)
Info (10041): Inferred latch for "out[15]" at mux3to1_32bit.v(10)
Info (10041): Inferred latch for "out[16]" at mux3to1_32bit.v(10)
Info (10041): Inferred latch for "out[17]" at mux3to1_32bit.v(10)
Info (10041): Inferred latch for "out[18]" at mux3to1_32bit.v(10)
Info (10041): Inferred latch for "out[19]" at mux3to1_32bit.v(10)
Info (10041): Inferred latch for "out[20]" at mux3to1_32bit.v(10)
Info (10041): Inferred latch for "out[21]" at mux3to1_32bit.v(10)
Info (10041): Inferred latch for "out[22]" at mux3to1_32bit.v(10)
Info (10041): Inferred latch for "out[23]" at mux3to1_32bit.v(10)
Info (10041): Inferred latch for "out[24]" at mux3to1_32bit.v(10)
Info (10041): Inferred latch for "out[25]" at mux3to1_32bit.v(10)
Info (10041): Inferred latch for "out[26]" at mux3to1_32bit.v(10)
Info (10041): Inferred latch for "out[27]" at mux3to1_32bit.v(10)
Info (10041): Inferred latch for "out[28]" at mux3to1_32bit.v(10)
Info (10041): Inferred latch for "out[29]" at mux3to1_32bit.v(10)
Info (10041): Inferred latch for "out[30]" at mux3to1_32bit.v(10)
Info (10041): Inferred latch for "out[31]" at mux3to1_32bit.v(10)
Warning: LATCH primitive "mux3to1_32bit:mux3|out[0]" is permanently enabled
Warning: LATCH primitive "mux3to1_32bit:mux3|out[1]" is permanently enabled
Warning: LATCH primitive "mux3to1_32bit:mux3|out[2]" is permanently enabled
Warning: LATCH primitive "mux3to1_32bit:mux3|out[3]" is permanently enabled
Warning: LATCH primitive "mux3to1_32bit:mux3|out[4]" is permanently enabled
Warning: LATCH primitive "mux3to1_32bit:mux3|out[5]" is permanently enabled
Warning: LATCH primitive "mux3to1_32bit:mux3|out[6]" is permanently enabled
Warning: LATCH primitive "mux3to1_32bit:mux3|out[7]" is permanently enabled
Warning: LATCH primitive "mux3to1_32bit:mux3|out[8]" is permanently enabled
Warning: LATCH primitive "mux3to1_32bit:mux3|out[9]" is permanently enabled
Warning: LATCH primitive "mux3to1_32bit:mux3|out[10]" is permanently enabled
Warning: LATCH primitive "mux3to1_32bit:mux3|out[11]" is permanently enabled
Warning: LATCH primitive "mux3to1_32bit:mux3|out[12]" is permanently enabled
Warning: LATCH primitive "mux3to1_32bit:mux3|out[13]" is permanently enabled
Warning: LATCH primitive "mux3to1_32bit:mux3|out[14]" is permanently enabled
Warning: LATCH primitive "mux3to1_32bit:mux3|out[15]" is permanently enabled
Warning: LATCH primitive "mux3to1_32bit:mux3|out[16]" is permanently enabled
Warning: LATCH primitive "mux3to1_32bit:mux3|out[17]" is permanently enabled
Warning: LATCH primitive "mux3to1_32bit:mux3|out[18]" is permanently enabled
Warning: LATCH primitive "mux3to1_32bit:mux3|out[19]" is permanently enabled
Warning: LATCH primitive "mux3to1_32bit:mux3|out[20]" is permanently enabled
Warning: LATCH primitive "mux3to1_32bit:mux3|out[21]" is permanently enabled
Warning: LATCH primitive "mux3to1_32bit:mux3|out[22]" is permanently enabled
Warning: LATCH primitive "mux3to1_32bit:mux3|out[23]" is permanently enabled
Warning: LATCH primitive "mux3to1_32bit:mux3|out[24]" is permanently enabled
Warning: LATCH primitive "mux3to1_32bit:mux3|out[25]" is permanently enabled
Warning: LATCH primitive "mux3to1_32bit:mux3|out[26]" is permanently enabled
Warning: LATCH primitive "mux3to1_32bit:mux3|out[27]" is permanently enabled
Warning: LATCH primitive "mux3to1_32bit:mux3|out[28]" is permanently enabled
Warning: LATCH primitive "mux3to1_32bit:mux3|out[29]" is permanently enabled
Warning: LATCH primitive "mux3to1_32bit:mux3|out[30]" is permanently enabled
Warning: LATCH primitive "mux3to1_32bit:mux3|out[31]" is permanently enabled
Warning: 3 hierarchies have connectivity warnings - see the Connectivity Checks report folder
Info: Implemented 215 device resources after synthesis - the final resource count might be different
    Info: Implemented 67 input pins
    Info: Implemented 34 output pins
    Info: Implemented 114 logic cells
Info: Quartus II Analysis & Synthesis was successful. 0 errors, 37 warnings
    Info: Peak virtual memory: 244 megabytes
    Info: Processing ended: Mon Oct 23 20:29:43 2023
    Info: Elapsed time: 00:00:01
    Info: Total CPU time (on all processors): 00:00:03


